Build started 12/5/2011 3:56:07 PM.
     1>Project "C:\Users\waver3r\Documents\Visual Studio 2010\Projects\DylematWieznia\PrisonerA\PrisonerA.vcxproj" on node 2 (build target(s)).
     1>InitializeBuildStatus:
         Creating "Debug\PrisonerA.unsuccessfulbuild" because "AlwaysCreate" was specified.
       ClCompile:
         C:\Program Files (x86)\Microsoft Visual Studio 10.0\VC\bin\CL.exe /c /ZI /nologo /W3 /WX- /Od /Oy- /D _MBCS /Gm /EHsc /RTC1 /MDd /GS /fp:precise /Zc:wchar_t /Zc:forScope /Fo"Debug\\" /Fd"Debug\vc100.pdb" /Gd /TP /analyze- /errorReport:prompt prisoner1.cpp
         prisoner1.cpp
     1>c:\users\waver3r\documents\visual studio 2010\projects\dylematwieznia\prisonera\prisoner1.cpp(15): warning C4244: 'argument' : conversion from 'time_t' to 'unsigned int', possible loss of data
       Link:
         C:\Program Files (x86)\Microsoft Visual Studio 10.0\VC\bin\link.exe /ERRORREPORT:PROMPT /OUT:"C:\Users\waver3r\Documents\Visual Studio 2010\Projects\DylematWieznia\Debug\PrisonerA.exe" /NOLOGO kernel32.lib user32.lib gdi32.lib winspool.lib comdlg32.lib advapi32.lib shell32.lib ole32.lib oleaut32.lib uuid.lib odbc32.lib odbccp32.lib /MANIFEST /ManifestFile:"Debug\PrisonerA.exe.intermediate.manifest" /MANIFESTUAC:"level='asInvoker' uiAccess='false'" /DEBUG /PDB:"C:\Users\waver3r\Documents\Visual Studio 2010\Projects\DylematWieznia\Debug\PrisonerA.pdb" /TLBID:1 /DYNAMICBASE /NXCOMPAT /IMPLIB:"C:\Users\waver3r\Documents\Visual Studio 2010\Projects\DylematWieznia\Debug\PrisonerA.lib" /MACHINE:X86 Debug\prisoner1.obj
         LINK : C:\Users\waver3r\Documents\Visual Studio 2010\Projects\DylematWieznia\Debug\PrisonerA.exe not found or not built by the last incremental link; performing full link
         PrisonerA.vcxproj -> C:\Users\waver3r\Documents\Visual Studio 2010\Projects\DylematWieznia\Debug\PrisonerA.exe
       Manifest:
         C:\Program Files (x86)\Microsoft SDKs\Windows\v7.0A\bin\mt.exe /nologo /verbose /outputresource:"C:\Users\waver3r\Documents\Visual Studio 2010\Projects\DylematWieznia\Debug\PrisonerA.exe;#1" /manifest Debug\PrisonerA.exe.intermediate.manifest
       FinalizeBuildStatus:
         Deleting file "Debug\PrisonerA.unsuccessfulbuild".
         Touching "Debug\PrisonerA.lastbuildstate".
     1>Done Building Project "C:\Users\waver3r\Documents\Visual Studio 2010\Projects\DylematWieznia\PrisonerA\PrisonerA.vcxproj" (build target(s)).

Build succeeded.

Time Elapsed 00:00:04.35
